# JRE version: OpenJDK Runtime Environment Temurin-21.0.10+7 (21.0.10+7) (build 21.0.10+7-LTS)
# Java VM: OpenJDK 64-Bit Server VM Temurin-21.0.10+7 (21.0.10+7-LTS, mixed mode, sharing, tiered, compressed oops, compressed class ptrs, parallel gc, windows-amd64)
GC Precious Log:
 CardTable entry size: 512
 CPUs: 8 total, 8 available
 Memory: 16100M
 Large Page Support: Disabled
 NUMA Support: Disabled
 Compressed Oops: Enabled (32-bit)
 Alignments: Space 512K, Generation 512K, Heap 2M
 Heap Min Capacity: 100M
 Heap Initial Capacity: 100M
 Heap Max Capacity: 2G
 Pre-touch: Disabled
 Parallel Workers: 8
Heap:
 PSYoungGen      total 22528K, used 15810K [0x00000000d5580000, 0x00000000d6e00000, 0x0000000100000000)
  eden space 20992K, 68% used [0x00000000d5580000,0x00000000d63788a0,0x00000000d6a00000)
  from space 1536K, 97% used [0x00000000d6b00000,0x00000000d6c78030,0x00000000d6c80000)
  to   space 1024K, 0% used [0x00000000d6d00000,0x00000000d6d00000,0x00000000d6e00000)
 ParOldGen       total 68608K, used 40830K [0x0000000080000000, 0x0000000084300000, 0x00000000d5580000)
  object space 68608K, 59% used [0x0000000080000000,0x00000000827df9c0,0x0000000084300000)
 Metaspace       used 53260K, committed 54592K, reserved 1114112K
  class space    used 5860K, committed 6464K, reserved 1048576K
GC Heap History (20 events):
Event: 32.074 GC heap before
{Heap before GC invocations=16 (full 2):
 PSYoungGen      total 22528K, used 20992K [0x00000000d5580000, 0x00000000d7280000, 0x0000000100000000)
  eden space 20992K, 100% used [0x00000000d5580000,0x00000000d6a00000,0x00000000d6a00000)
  from space 1536K, 0% used [0x00000000d6a00000,0x00000000d6a00000,0x00000000d6b80000)
  to   space 3584K, 0% used [0x00000000d6f00000,0x00000000d6f00000,0x00000000d7280000)
 ParOldGen       total 68608K, used 20582K [0x0000000080000000, 0x0000000084300000, 0x00000000d5580000)
  object space 68608K, 30% used [0x0000000080000000,0x0000000081419b08,0x0000000084300000)
 Metaspace       used 37234K, committed 38464K, reserved 1114112K
  class space    used 3863K, committed 4416K, reserved 1048576K
}
Event: 32.077 GC heap after
{Heap after GC invocations=16 (full 2):
 PSYoungGen      total 22528K, used 1463K [0x00000000d5580000, 0x00000000d7080000, 0x0000000100000000)
  eden space 20992K, 0% used [0x00000000d5580000,0x00000000d5580000,0x00000000d6a00000)
  from space 1536K, 95% used [0x00000000d6f00000,0x00000000d706de28,0x00000000d7080000)
  to   space 2048K, 0% used [0x00000000d6c80000,0x00000000d6c80000,0x00000000d6e80000)
 ParOldGen       total 68608K, used 20590K [0x0000000080000000, 0x0000000084300000, 0x00000000d5580000)
  object space 68608K, 30% used [0x0000000080000000,0x000000008141bb08,0x0000000084300000)
 Metaspace       used 37234K, committed 38464K, reserved 1114112K
  class space    used 3863K, committed 4416K, reserved 1048576K
}
Event: 32.312 GC heap before
{Heap before GC invocations=17 (full 2):
 PSYoungGen      total 22528K, used 22455K [0x00000000d5580000, 0x00000000d7080000, 0x0000000100000000)
  eden space 20992K, 100% used [0x00000000d5580000,0x00000000d6a00000,0x00000000d6a00000)
  from space 1536K, 95% used [0x00000000d6f00000,0x00000000d706de28,0x00000000d7080000)
  to   space 2048K, 0% used [0x00000000d6c80000,0x00000000d6c80000,0x00000000d6e80000)
 ParOldGen       total 68608K, used 20590K [0x0000000080000000, 0x0000000084300000, 0x00000000d5580000)
  object space 68608K, 30% used [0x0000000080000000,0x000000008141bb08,0x0000000084300000)
 Metaspace       used 40004K, committed 41280K, reserved 1114112K
  class space    used 4203K, committed 4736K, reserved 1048576K
}
Event: 32.316 GC heap after
{Heap after GC invocations=17 (full 2):
 PSYoungGen      total 23040K, used 1914K [0x00000000d5580000, 0x00000000d6f80000, 0x0000000100000000)
  eden space 20992K, 0% used [0x00000000d5580000,0x00000000d5580000,0x00000000d6a00000)
  from space 2048K, 93% used [0x00000000d6c80000,0x00000000d6e5e9d0,0x00000000d6e80000)
  to   space 1024K, 0% used [0x00000000d6e80000,0x00000000d6e80000,0x00000000d6f80000)
 ParOldGen       total 68608K, used 21784K [0x0000000080000000, 0x0000000084300000, 0x00000000d5580000)
  object space 68608K, 31% used [0x0000000080000000,0x0000000081546040,0x0000000084300000)
 Metaspace       used 40004K, committed 41280K, reserved 1114112K
  class space    used 4203K, committed 4736K, reserved 1048576K
}
Event: 32.790 GC heap before
{Heap before GC invocations=18 (full 2):
 PSYoungGen      total 23040K, used 22906K [0x00000000d5580000, 0x00000000d6f80000, 0x0000000100000000)
  eden space 20992K, 100% used [0x00000000d5580000,0x00000000d6a00000,0x00000000d6a00000)
  from space 2048K, 93% used [0x00000000d6c80000,0x00000000d6e5e9d0,0x00000000d6e80000)
  to   space 1024K, 0% used [0x00000000d6e80000,0x00000000d6e80000,0x00000000d6f80000)
 ParOldGen       total 68608K, used 21784K [0x0000000080000000, 0x0000000084300000, 0x00000000d5580000)
  object space 68608K, 31% used [0x0000000080000000,0x0000000081546040,0x0000000084300000)
 Metaspace       used 42273K, committed 43520K, reserved 1114112K
  class space    used 4517K, committed 5120K, reserved 1048576K
}
Event: 32.792 GC heap after
{Heap after GC invocations=18 (full 2):
 PSYoungGen      total 22016K, used 1005K [0x00000000d5580000, 0x00000000d7000000, 0x0000000100000000)
  eden space 20992K, 0% used [0x00000000d5580000,0x00000000d5580000,0x00000000d6a00000)
  from space 1024K, 98% used [0x00000000d6e80000,0x00000000d6f7b6a0,0x00000000d6f80000)
  to   space 3072K, 0% used [0x00000000d6a00000,0x00000000d6a00000,0x00000000d6d00000)
 ParOldGen       total 68608K, used 23610K [0x0000000080000000, 0x0000000084300000, 0x00000000d5580000)
  object space 68608K, 34% used [0x0000000080000000,0x000000008170eb98,0x0000000084300000)
 Metaspace       used 42273K, committed 43520K, reserved 1114112K
  class space    used 4517K, committed 5120K, reserved 1048576K
}
Event: 32.944 GC heap before
{Heap before GC invocations=19 (full 2):
 PSYoungGen      total 22016K, used 21997K [0x00000000d5580000, 0x00000000d7000000, 0x0000000100000000)
  eden space 20992K, 100% used [0x00000000d5580000,0x00000000d6a00000,0x00000000d6a00000)
  from space 1024K, 98% used [0x00000000d6e80000,0x00000000d6f7b6a0,0x00000000d6f80000)
  to   space 3072K, 0% used [0x00000000d6a00000,0x00000000d6a00000,0x00000000d6d00000)
 ParOldGen       total 68608K, used 23610K [0x0000000080000000, 0x0000000084300000, 0x00000000d5580000)
  object space 68608K, 34% used [0x0000000080000000,0x000000008170eb98,0x0000000084300000)
 Metaspace       used 42869K, committed 44160K, reserved 1114112K
  class space    used 4589K, committed 5184K, reserved 1048576K
}
Event: 32.947 GC heap after
{Heap after GC invocations=19 (full 2):
 PSYoungGen      total 24064K, used 3051K [0x00000000d5580000, 0x00000000d7800000, 0x0000000100000000)
  eden space 20992K, 0% used [0x00000000d5580000,0x00000000d5580000,0x00000000d6a00000)
  from space 3072K, 99% used [0x00000000d6a00000,0x00000000d6cfada8,0x00000000d6d00000)
  to   space 7168K, 0% used [0x00000000d7100000,0x00000000d7100000,0x00000000d7800000)
 ParOldGen       total 68608K, used 26935K [0x0000000080000000, 0x0000000084300000, 0x00000000d5580000)
  object space 68608K, 39% used [0x0000000080000000,0x0000000081a4dce0,0x0000000084300000)
 Metaspace       used 42869K, committed 44160K, reserved 1114112K
  class space    used 4589K, committed 5184K, reserved 1048576K
}
Event: 33.162 GC heap before
{Heap before GC invocations=20 (full 2):
 PSYoungGen      total 24064K, used 24038K [0x00000000d5580000, 0x00000000d7800000, 0x0000000100000000)
  eden space 20992K, 99% used [0x00000000d5580000,0x00000000d69fed10,0x00000000d6a00000)
  from space 3072K, 99% used [0x00000000d6a00000,0x00000000d6cfada8,0x00000000d6d00000)
  to   space 7168K, 0% used [0x00000000d7100000,0x00000000d7100000,0x00000000d7800000)
 ParOldGen       total 68608K, used 26935K [0x0000000080000000, 0x0000000084300000, 0x00000000d5580000)
  object space 68608K, 39% used [0x0000000080000000,0x0000000081a4dce0,0x0000000084300000)
 Metaspace       used 44351K, committed 45632K, reserved 1114112K
  class space    used 4794K, committed 5376K, reserved 1048576K
}
Event: 33.167 GC heap after
{Heap after GC invocations=20 (full 2):
 PSYoungGen      total 26624K, used 5569K [0x00000000d5580000, 0x00000000d7680000, 0x0000000100000000)
  eden space 20992K, 0% used [0x00000000d5580000,0x00000000d5580000,0x00000000d6a00000)
  from space 5632K, 98% used [0x00000000d7100000,0x00000000d7670580,0x00000000d7680000)
  to   space 6144K, 0% used [0x00000000d6a80000,0x00000000d6a80000,0x00000000d7080000)
 ParOldGen       total 68608K, used 29889K [0x0000000080000000, 0x0000000084300000, 0x00000000d5580000)
  object space 68608K, 43% used [0x0000000080000000,0x0000000081d306a8,0x0000000084300000)
 Metaspace       used 44351K, committed 45632K, reserved 1114112K
  class space    used 4794K, committed 5376K, reserved 1048576K
}
Event: 33.503 GC heap before
{Heap before GC invocations=21 (full 2):
 PSYoungGen      total 26624K, used 26561K [0x00000000d5580000, 0x00000000d7680000, 0x0000000100000000)
  eden space 20992K, 100% used [0x00000000d5580000,0x00000000d6a00000,0x00000000d6a00000)
  from space 5632K, 98% used [0x00000000d7100000,0x00000000d7670580,0x00000000d7680000)
  to   space 6144K, 0% used [0x00000000d6a80000,0x00000000d6a80000,0x00000000d7080000)
 ParOldGen       total 68608K, used 29889K [0x0000000080000000, 0x0000000084300000, 0x00000000d5580000)
  object space 68608K, 43% used [0x0000000080000000,0x0000000081d306a8,0x0000000084300000)
 Metaspace       used 46253K, committed 47552K, reserved 1114112K
  class space    used 5045K, committed 5632K, reserved 1048576K
}
Event: 33.508 GC heap after
{Heap after GC invocations=21 (full 2):
 PSYoungGen      total 23552K, used 2144K [0x00000000d5580000, 0x00000000d7180000, 0x0000000100000000)
  eden space 20992K, 0% used [0x00000000d5580000,0x00000000d5580000,0x00000000d6a00000)
  from space 2560K, 83% used [0x00000000d6a80000,0x00000000d6c98058,0x00000000d6d00000)
  to   space 3584K, 0% used [0x00000000d6e00000,0x00000000d6e00000,0x00000000d7180000)
 ParOldGen       total 68608K, used 35196K [0x0000000080000000, 0x0000000084300000, 0x00000000d5580000)
  object space 68608K, 51% used [0x0000000080000000,0x000000008225f0c8,0x0000000084300000)
 Metaspace       used 46253K, committed 47552K, reserved 1114112K
  class space    used 5045K, committed 5632K, reserved 1048576K
}
Event: 34.060 GC heap before
{Heap before GC invocations=22 (full 2):
 PSYoungGen      total 23552K, used 23136K [0x00000000d5580000, 0x00000000d7180000, 0x0000000100000000)
  eden space 20992K, 100% used [0x00000000d5580000,0x00000000d6a00000,0x00000000d6a00000)
  from space 2560K, 83% used [0x00000000d6a80000,0x00000000d6c98058,0x00000000d6d00000)
  to   space 3584K, 0% used [0x00000000d6e00000,0x00000000d6e00000,0x00000000d7180000)
 ParOldGen       total 68608K, used 35196K [0x0000000080000000, 0x0000000084300000, 0x00000000d5580000)
  object space 68608K, 51% used [0x0000000080000000,0x000000008225f0c8,0x0000000084300000)
 Metaspace       used 48719K, committed 50048K, reserved 1114112K
  class space    used 5362K, committed 5952K, reserved 1048576K
}
Event: 34.064 GC heap after
{Heap after GC invocations=22 (full 2):
 PSYoungGen      total 22528K, used 1376K [0x00000000d5580000, 0x00000000d6f80000, 0x0000000100000000)
  eden space 20992K, 0% used [0x00000000d5580000,0x00000000d5580000,0x00000000d6a00000)
  from space 1536K, 89% used [0x00000000d6e00000,0x00000000d6f58000,0x00000000d6f80000)
  to   space 2048K, 0% used [0x00000000d6b80000,0x00000000d6b80000,0x00000000d6d80000)
 ParOldGen       total 68608K, used 37220K [0x0000000080000000, 0x0000000084300000, 0x00000000d5580000)
  object space 68608K, 54% used [0x0000000080000000,0x0000000082459120,0x0000000084300000)
 Metaspace       used 48719K, committed 50048K, reserved 1114112K
  class space    used 5362K, committed 5952K, reserved 1048576K
}
Event: 34.779 GC heap before
{Heap before GC invocations=23 (full 2):
 PSYoungGen      total 22528K, used 22367K [0x00000000d5580000, 0x00000000d6f80000, 0x0000000100000000)
  eden space 20992K, 99% used [0x00000000d5580000,0x00000000d69ffe28,0x00000000d6a00000)
  from space 1536K, 89% used [0x00000000d6e00000,0x00000000d6f58000,0x00000000d6f80000)
  to   space 2048K, 0% used [0x00000000d6b80000,0x00000000d6b80000,0x00000000d6d80000)
 ParOldGen       total 68608K, used 37220K [0x0000000080000000, 0x0000000084300000, 0x00000000d5580000)
  object space 68608K, 54% used [0x0000000080000000,0x0000000082459120,0x0000000084300000)
 Metaspace       used 51276K, committed 52608K, reserved 1114112K
  class space    used 5674K, committed 6272K, reserved 1048576K
}
Event: 34.783 GC heap after
{Heap after GC invocations=23 (full 2):
 PSYoungGen      total 22528K, used 1435K [0x00000000d5580000, 0x00000000d6e80000, 0x0000000100000000)
  eden space 20992K, 0% used [0x00000000d5580000,0x00000000d5580000,0x00000000d6a00000)
  from space 1536K, 93% used [0x00000000d6b80000,0x00000000d6ce6ea8,0x00000000d6d00000)
  to   space 1536K, 0% used [0x00000000d6d00000,0x00000000d6d00000,0x00000000d6e80000)
 ParOldGen       total 68608K, used 38416K [0x0000000080000000, 0x0000000084300000, 0x00000000d5580000)
  object space 68608K, 55% used [0x0000000080000000,0x0000000082584130,0x0000000084300000)
 Metaspace       used 51276K, committed 52608K, reserved 1114112K
  class space    used 5674K, committed 6272K, reserved 1048576K
}
Event: 35.284 GC heap before
{Heap before GC invocations=24 (full 2):
 PSYoungGen      total 22528K, used 22408K [0x00000000d5580000, 0x00000000d6e80000, 0x0000000100000000)
  eden space 20992K, 99% used [0x00000000d5580000,0x00000000d69fb340,0x00000000d6a00000)
  from space 1536K, 93% used [0x00000000d6b80000,0x00000000d6ce6ea8,0x00000000d6d00000)
  to   space 1536K, 0% used [0x00000000d6d00000,0x00000000d6d00000,0x00000000d6e80000)
 ParOldGen       total 68608K, used 38416K [0x0000000080000000, 0x0000000084300000, 0x00000000d5580000)
  object space 68608K, 55% used [0x0000000080000000,0x0000000082584130,0x0000000084300000)
 Metaspace       used 51890K, committed 53184K, reserved 1114112K
  class space    used 5736K, committed 6272K, reserved 1048576K
}
Event: 35.287 GC heap after
{Heap after GC invocations=24 (full 2):
 PSYoungGen      total 22016K, used 864K [0x00000000d5580000, 0x00000000d6e00000, 0x0000000100000000)
  eden space 20992K, 0% used [0x00000000d5580000,0x00000000d5580000,0x00000000d6a00000)
  from space 1024K, 84% used [0x00000000d6d00000,0x00000000d6dd8000,0x00000000d6e00000)
  to   space 1536K, 0% used [0x00000000d6b00000,0x00000000d6b00000,0x00000000d6c80000)
 ParOldGen       total 68608K, used 39710K [0x0000000080000000, 0x0000000084300000, 0x00000000d5580000)
  object space 68608K, 57% used [0x0000000080000000,0x00000000826c79b0,0x0000000084300000)
 Metaspace       used 51890K, committed 53184K, reserved 1114112K
  class space    used 5736K, committed 6272K, reserved 1048576K
}
Event: 35.618 GC heap before
{Heap before GC invocations=25 (full 2):
 PSYoungGen      total 22016K, used 21856K [0x00000000d5580000, 0x00000000d6e00000, 0x0000000100000000)
  eden space 20992K, 100% used [0x00000000d5580000,0x00000000d6a00000,0x00000000d6a00000)
  from space 1024K, 84% used [0x00000000d6d00000,0x00000000d6dd8000,0x00000000d6e00000)
  to   space 1536K, 0% used [0x00000000d6b00000,0x00000000d6b00000,0x00000000d6c80000)
 ParOldGen       total 68608K, used 39710K [0x0000000080000000, 0x0000000084300000, 0x00000000d5580000)
  object space 68608K, 57% used [0x0000000080000000,0x00000000826c79b0,0x0000000084300000)
 Metaspace       used 53252K, committed 54592K, reserved 1114112K
  class space    used 5860K, committed 6464K, reserved 1048576K
}
Event: 35.621 GC heap after
{Heap after GC invocations=25 (full 2):
 PSYoungGen      total 22528K, used 1504K [0x00000000d5580000, 0x00000000d6e00000, 0x0000000100000000)
  eden space 20992K, 0% used [0x00000000d5580000,0x00000000d5580000,0x00000000d6a00000)
  from space 1536K, 97% used [0x00000000d6b00000,0x00000000d6c78030,0x00000000d6c80000)
  to   space 1024K, 0% used [0x00000000d6d00000,0x00000000d6d00000,0x00000000d6e00000)
 ParOldGen       total 68608K, used 40830K [0x0000000080000000, 0x0000000084300000, 0x00000000d5580000)
  object space 68608K, 59% used [0x0000000080000000,0x00000000827df9c0,0x0000000084300000)
 Metaspace       used 53252K, committed 54592K, reserved 1114112K
  class space    used 5860K, committed 6464K, reserved 1048576K
}

